[debug] [2022-06-08T12:41:12.088Z] ----------------------------------------------------------------------
[debug] [2022-06-08T12:41:12.090Z] Command:       C:\Program Files\nodejs\node.exe C:\Users\AJ\AppData\Roaming\npm\node_modules\firebase-tools\lib\bin\firebase.js emulators:start
[debug] [2022-06-08T12:41:12.091Z] CLI Version:   11.0.1
[debug] [2022-06-08T12:41:12.091Z] Platform:      win32
[debug] [2022-06-08T12:41:12.091Z] Node Version:  v16.13.2
[debug] [2022-06-08T12:41:12.092Z] Time:          Wed Jun 08 2022 18:11:12 GMT+0530 (India Standard Time)
[debug] [2022-06-08T12:41:12.092Z] ----------------------------------------------------------------------
[debug] 
[debug] [2022-06-08T12:41:12.158Z] > command requires scopes: ["email","openid","https://www.googleapis.com/auth/cloudplatformprojects.readonly","https://www.googleapis.com/auth/firebase","https://www.googleapis.com/auth/cloud-platform"]
[debug] [2022-06-08T12:41:12.158Z] > authorizing via signed-in user (aryanjuyal12345@gmail.com)
[info] i  emulators: Starting emulators: functions, hosting {"metadata":{"emulator":{"name":"hub"},"message":"Starting emulators: functions, hosting"}}
[debug] [2022-06-08T12:41:12.186Z] [hub] writing locator at C:\Users\AJ\AppData\Local\Temp\hub-e-commerce-94feb.json
[warn] !  functions: The following emulators are not running, calls to these services from the Functions emulator will affect production: auth, firestore, database, pubsub, storage {"metadata":{"emulator":{"name":"functions"},"message":"The following emulators are not running, calls to these services from the Functions emulator will affect production: \u001b[1mauth, firestore, database, pubsub, storage\u001b[22m"}}
[info] +  functions: Using node@16 from host. {"metadata":{"emulator":{"name":"functions"},"message":"Using node@16 from host."}}
[debug] [2022-06-08T12:41:12.252Z] defaultcredentials: writing to file C:\Users\AJ\AppData\Roaming\firebase\aryanjuyal12345_gmail_com_application_default_credentials.json
[debug] [2022-06-08T12:41:12.255Z] Setting GAC to C:\Users\AJ\AppData\Roaming\firebase\aryanjuyal12345_gmail_com_application_default_credentials.json {"metadata":{"emulator":{"name":"functions"},"message":"Setting GAC to C:\\Users\\AJ\\AppData\\Roaming\\firebase\\aryanjuyal12345_gmail_com_application_default_credentials.json"}}
[debug] [2022-06-08T12:41:12.257Z] >>> [apiv2][query] GET https://firebase.googleapis.com/v1beta1/projects/e-commerce-94feb/adminSdkConfig [none]
[debug] [2022-06-08T12:41:12.685Z] <<< [apiv2][status] GET https://firebase.googleapis.com/v1beta1/projects/e-commerce-94feb/adminSdkConfig 200
[debug] [2022-06-08T12:41:12.686Z] <<< [apiv2][body] GET https://firebase.googleapis.com/v1beta1/projects/e-commerce-94feb/adminSdkConfig {"projectId":"e-commerce-94feb","storageBucket":"e-commerce-94feb.appspot.com","locationId":"us-central"}
[debug] [2022-06-08T12:41:12.723Z] >>> [apiv2][query] GET https://firebasehosting.googleapis.com/v1beta1/projects/e-commerce-94feb/sites 
[debug] [2022-06-08T12:41:14.491Z] <<< [apiv2][status] GET https://firebasehosting.googleapis.com/v1beta1/projects/e-commerce-94feb/sites 200
[debug] [2022-06-08T12:41:14.491Z] <<< [apiv2][body] GET https://firebasehosting.googleapis.com/v1beta1/projects/e-commerce-94feb/sites {"sites":[{"name":"projects/e-commerce-94feb/sites/e-commerce-94feb","defaultUrl":"https://e-commerce-94feb.web.app","appId":"1:567421571579:web:1b67aae1329c4a9e05fb5e","type":"DEFAULT_SITE"}]}
[debug] [2022-06-08T12:41:14.492Z] >>> [apiv2][query] GET https://firebase.googleapis.com/v1beta1/projects/e-commerce-94feb/webApps/1:567421571579:web:1b67aae1329c4a9e05fb5e/config [none]
[debug] [2022-06-08T12:41:15.790Z] <<< [apiv2][status] GET https://firebase.googleapis.com/v1beta1/projects/e-commerce-94feb/webApps/1:567421571579:web:1b67aae1329c4a9e05fb5e/config 200
[debug] [2022-06-08T12:41:15.790Z] <<< [apiv2][body] GET https://firebase.googleapis.com/v1beta1/projects/e-commerce-94feb/webApps/1:567421571579:web:1b67aae1329c4a9e05fb5e/config {"projectId":"e-commerce-94feb","appId":"1:567421571579:web:1b67aae1329c4a9e05fb5e","storageBucket":"e-commerce-94feb.appspot.com","locationId":"us-central","apiKey":"AIzaSyBZ7_3lLa4f4hbdBee0VAk8GW_ESAwEGbM","authDomain":"e-commerce-94feb.firebaseapp.com","messagingSenderId":"567421571579","measurementId":"G-C1PDECD7MT"}
[info] i  hosting: Serving hosting files from: build {"metadata":{"emulator":{"name":"hosting"},"message":"Serving hosting files from: \u001b[1mbuild\u001b[22m"}}
[info] +  hosting: Local server: http://localhost:5000 {"metadata":{"emulator":{"name":"hosting"},"message":"Local server: \u001b[4m\u001b[1mhttp://localhost:5000\u001b[22m\u001b[24m"}}
[warn] !  ui: Emulator UI unable to start on port 4000, starting on 4002 instead. {"metadata":{"emulator":{"name":"ui"},"message":"Emulator UI unable to start on port 4000, starting on 4002 instead."}}
[debug] [2022-06-08T12:41:15.842Z] Ignoring unsupported arg: auto_download {"metadata":{"emulator":{"name":"ui"},"message":"Ignoring unsupported arg: auto_download"}}
[debug] [2022-06-08T12:41:15.842Z] Ignoring unsupported arg: port {"metadata":{"emulator":{"name":"ui"},"message":"Ignoring unsupported arg: port"}}
[debug] [2022-06-08T12:41:15.842Z] Starting Emulator UI with command {"binary":"node","args":["--dns-result-order=ipv4first","C:\\Users\\AJ\\.cache\\firebase\\emulators\\ui-v1.7.0\\server.bundle.js"],"optionalArgs":[],"joinArgs":false} {"metadata":{"emulator":{"name":"ui"},"message":"Starting Emulator UI with command {\"binary\":\"node\",\"args\":[\"--dns-result-order=ipv4first\",\"C:\\\\Users\\\\AJ\\\\.cache\\\\firebase\\\\emulators\\\\ui-v1.7.0\\\\server.bundle.js\"],\"optionalArgs\":[],\"joinArgs\":false}"}}
[info] i  ui: Emulator UI logging to ui-debug.log {"metadata":{"emulator":{"name":"ui"},"message":"Emulator UI logging to \u001b[1mui-debug.log\u001b[22m"}}
[debug] [2022-06-08T12:41:16.046Z] Web / API server started at localhost:4002
 {"metadata":{"emulator":{"name":"ui"},"message":"Web / API server started at localhost:4002\n"}}
[info] i  functions: Watching "E:\E-Commerce-G4\e-commerce\functions" for Cloud Functions... {"metadata":{"emulator":{"name":"functions"},"message":"Watching \"E:\\E-Commerce-G4\\e-commerce\\functions\" for Cloud Functions..."}}
[debug] [2022-06-08T12:41:16.124Z] Validating nodejs source
[debug] [2022-06-08T12:41:20.715Z] > [functions] package.json contents: {
  "name": "functions",
  "description": "Cloud Functions for Firebase",
  "scripts": {
    "lint": "eslint .",
    "serve": "firebase emulators:start --only functions",
    "shell": "firebase functions:shell",
    "start": "npm run shell",
    "deploy": "firebase deploy --only functions",
    "logs": "firebase functions:log"
  },
  "engines": {
    "node": "16"
  },
  "main": "index.js",
  "dependencies": {
    "express": "^4.18.1",
    "firebase-admin": "^10.0.2",
    "firebase-functions": "^3.18.0",
    "stripe": "^9.6.0"
  },
  "devDependencies": {
    "eslint": "^8.9.0",
    "eslint-config-google": "^0.14.0",
    "firebase-functions-test": "^0.2.0"
  },
  "private": true
}
[debug] [2022-06-08T12:41:20.715Z] Building nodejs source
[debug] [2022-06-08T12:41:20.716Z] Analyzing nodejs backend spec
[debug] [2022-06-08T12:41:20.717Z] Could not find functions.yaml. Must use http discovery
[debug] [2022-06-08T12:41:27.283Z] Serving at port 9005

[debug] [2022-06-08T12:41:29.571Z] Got response from /__/functions.yaml {"endpoints":{"api":{"platform":"gcfv1","httpsTrigger":{},"entryPoint":"api"}},"specVersion":"v1alpha1","requiredAPIs":[]}
[debug] [2022-06-08T12:41:29.578Z] shutdown requested via /__/quitquitquit

[info] +  functions[us-central1-api]: http function initialized (http://localhost:5001/e-commerce-94feb/us-central1/api). {"metadata":{"emulator":{"name":"functions"},"message":"\u001b[1mhttp\u001b[22m function initialized (http://localhost:5001/e-commerce-94feb/us-central1/api)."}}
[info] 
┌─────────────────────────────────────────────────────────────┐
│ ✔  All emulators ready! It is now safe to connect your app. │
│ i  View Emulator UI at http://localhost:4002                │
└─────────────────────────────────────────────────────────────┘

┌───────────┬────────────────┬─────────────────────────────────┐
│ Emulator  │ Host:Port      │ View in Emulator UI             │
├───────────┼────────────────┼─────────────────────────────────┤
│ Functions │ localhost:5001 │ http://localhost:4002/functions │
├───────────┼────────────────┼─────────────────────────────────┤
│ Hosting   │ localhost:5000 │ n/a                             │
└───────────┴────────────────┴─────────────────────────────────┘
  Emulator Hub running at localhost:4400
  Other reserved ports: 4500

Issues? Report them at https://github.com/firebase/firebase-tools/issues and attach the *-debug.log files.
 
[debug] [2022-06-08T12:43:37.502Z] [work-queue] {"queueLength":1,"workRunningCount":0}
[debug] [2022-06-08T12:43:37.502Z] [work-queue] {"queueLength":0,"workRunningCount":1}
[debug] [2022-06-08T12:43:37.503Z] Accepted request POST /e-commerce-94feb/us-central1/api/payments/create?total=579000 --> us-central1-api
[debug] [2022-06-08T12:43:37.580Z] [worker-pool] addWorker(us-central1-api) {"metadata":{"emulator":{"name":"functions"},"message":"[worker-pool] addWorker(us-central1-api)"}}
[debug] [2022-06-08T12:43:37.580Z] [worker-pool] Adding worker with key us-central1-api, total=1 {"metadata":{"emulator":{"name":"functions"},"message":"[worker-pool] Adding worker with key us-central1-api, total=1"}}
[debug] [2022-06-08T12:43:37.581Z] [worker-pool] submitWork(triggerId=us-central1-api) {"metadata":{"emulator":{"name":"functions"},"message":"[worker-pool] submitWork(triggerId=us-central1-api)"}}
[debug] [2022-06-08T12:43:37.581Z] [worker-us-central1-api-c2dfddd3-10eb-482a-ac53-509492dd80e4]: Assigning socketPath: \\?\pipe\E:\E-Commerce-G4\e-commerce\functions\13932 {"metadata":{"emulator":{"name":"functions"},"message":"[worker-us-central1-api-c2dfddd3-10eb-482a-ac53-509492dd80e4]: Assigning socketPath: \\\\?\\pipe\\E:\\E-Commerce-G4\\e-commerce\\functions\\13932"}}
[debug] [2022-06-08T12:43:37.582Z] [worker-us-central1-api-c2dfddd3-10eb-482a-ac53-509492dd80e4]: BUSY {"metadata":{"emulator":{"name":"functions"},"message":"[worker-us-central1-api-c2dfddd3-10eb-482a-ac53-509492dd80e4]: BUSY"}}
[debug] [2022-06-08T12:43:38.073Z] [work-queue] {"queueLength":1,"workRunningCount":1}
[debug] [2022-06-08T12:43:38.074Z] [work-queue] {"queueLength":0,"workRunningCount":2}
[debug] [2022-06-08T12:43:38.074Z] Accepted request POST /e-commerce-94feb/us-central1/api/payments/create?total=289500 --> us-central1-api
[debug] [2022-06-08T12:43:38.094Z] [worker-pool] addWorker(us-central1-api) {"metadata":{"emulator":{"name":"functions"},"message":"[worker-pool] addWorker(us-central1-api)"}}
[debug] [2022-06-08T12:43:38.094Z] [worker-pool] Adding worker with key us-central1-api, total=2 {"metadata":{"emulator":{"name":"functions"},"message":"[worker-pool] Adding worker with key us-central1-api, total=2"}}
[debug] [2022-06-08T12:43:38.094Z] [worker-pool] submitWork(triggerId=us-central1-api) {"metadata":{"emulator":{"name":"functions"},"message":"[worker-pool] submitWork(triggerId=us-central1-api)"}}
[debug] [2022-06-08T12:43:38.094Z] [worker-us-central1-api-3d0d363d-f1f0-4af9-a994-c80249204182]: Assigning socketPath: \\?\pipe\E:\E-Commerce-G4\e-commerce\functions\15132 {"metadata":{"emulator":{"name":"functions"},"message":"[worker-us-central1-api-3d0d363d-f1f0-4af9-a994-c80249204182]: Assigning socketPath: \\\\?\\pipe\\E:\\E-Commerce-G4\\e-commerce\\functions\\15132"}}
[debug] [2022-06-08T12:43:38.095Z] [worker-us-central1-api-3d0d363d-f1f0-4af9-a994-c80249204182]: BUSY {"metadata":{"emulator":{"name":"functions"},"message":"[worker-us-central1-api-3d0d363d-f1f0-4af9-a994-c80249204182]: BUSY"}}
[debug] [2022-06-08T12:43:41.630Z] [runtime-status] [13932] Functions runtime initialized. {"cwd":"E:\\E-Commerce-G4\\e-commerce\\functions","node_version":"16.13.2"} {"metadata":{"emulator":{"name":"functions"},"function":{"name":"us-central1-api"},"extension":{},"message":"[runtime-status] [13932] Functions runtime initialized. {\"cwd\":\"E:\\\\E-Commerce-G4\\\\e-commerce\\\\functions\",\"node_version\":\"16.13.2\"}"}}
[debug] [2022-06-08T12:43:41.631Z] [runtime-status] [13932] Disabled runtime features: undefined {"metadata":{"emulator":{"name":"functions"},"function":{"name":"us-central1-api"},"extension":{},"message":"[runtime-status] [13932] Disabled runtime features: undefined"}}
[debug] [2022-06-08T12:43:41.639Z] [runtime-status] [13932] Resolved module firebase-admin {"declared":true,"installed":true,"version":"10.2.0","resolution":"E:\\E-Commerce-G4\\e-commerce\\functions\\node_modules\\firebase-admin\\lib\\index.js"} {"metadata":{"emulator":{"name":"functions"},"function":{"name":"us-central1-api"},"extension":{},"message":"[runtime-status] [13932] Resolved module firebase-admin {\"declared\":true,\"installed\":true,\"version\":\"10.2.0\",\"resolution\":\"E:\\\\E-Commerce-G4\\\\e-commerce\\\\functions\\\\node_modules\\\\firebase-admin\\\\lib\\\\index.js\"}"}}
[debug] [2022-06-08T12:43:41.643Z] [runtime-status] [13932] Resolved module firebase-functions {"declared":true,"installed":true,"version":"3.21.2","resolution":"E:\\E-Commerce-G4\\e-commerce\\functions\\node_modules\\firebase-functions\\lib\\index.js"} {"metadata":{"emulator":{"name":"functions"},"function":{"name":"us-central1-api"},"extension":{},"message":"[runtime-status] [13932] Resolved module firebase-functions {\"declared\":true,\"installed\":true,\"version\":\"3.21.2\",\"resolution\":\"E:\\\\E-Commerce-G4\\\\e-commerce\\\\functions\\\\node_modules\\\\firebase-functions\\\\lib\\\\index.js\"}"}}
[debug] [2022-06-08T12:43:41.645Z] [runtime-status] [13932] Outgoing network have been stubbed. [{"name":"http","status":"mocked"},{"name":"http","status":"mocked"},{"name":"https","status":"mocked"},{"name":"https","status":"mocked"},{"name":"net","status":"mocked"}] {"metadata":{"emulator":{"name":"functions"},"function":{"name":"us-central1-api"},"extension":{},"message":"[runtime-status] [13932] Outgoing network have been stubbed. [{\"name\":\"http\",\"status\":\"mocked\"},{\"name\":\"http\",\"status\":\"mocked\"},{\"name\":\"https\",\"status\":\"mocked\"},{\"name\":\"https\",\"status\":\"mocked\"},{\"name\":\"net\",\"status\":\"mocked\"}]"}}
[debug] [2022-06-08T12:43:41.647Z] [runtime-status] [13932] Resolved module firebase-functions {"declared":true,"installed":true,"version":"3.21.2","resolution":"E:\\E-Commerce-G4\\e-commerce\\functions\\node_modules\\firebase-functions\\lib\\index.js"} {"metadata":{"emulator":{"name":"functions"},"function":{"name":"us-central1-api"},"extension":{},"message":"[runtime-status] [13932] Resolved module firebase-functions {\"declared\":true,\"installed\":true,\"version\":\"3.21.2\",\"resolution\":\"E:\\\\E-Commerce-G4\\\\e-commerce\\\\functions\\\\node_modules\\\\firebase-functions\\\\lib\\\\index.js\"}"}}
[debug] [2022-06-08T12:43:41.779Z] [runtime-status] [15132] Functions runtime initialized. {"cwd":"E:\\E-Commerce-G4\\e-commerce\\functions","node_version":"16.13.2"} {"metadata":{"emulator":{"name":"functions"},"function":{"name":"us-central1-api"},"extension":{},"message":"[runtime-status] [15132] Functions runtime initialized. {\"cwd\":\"E:\\\\E-Commerce-G4\\\\e-commerce\\\\functions\",\"node_version\":\"16.13.2\"}"}}
[debug] [2022-06-08T12:43:41.783Z] [runtime-status] [15132] Disabled runtime features: undefined {"metadata":{"emulator":{"name":"functions"},"function":{"name":"us-central1-api"},"extension":{},"message":"[runtime-status] [15132] Disabled runtime features: undefined"}}
[debug] [2022-06-08T12:43:41.794Z] [runtime-status] [15132] Resolved module firebase-admin {"declared":true,"installed":true,"version":"10.2.0","resolution":"E:\\E-Commerce-G4\\e-commerce\\functions\\node_modules\\firebase-admin\\lib\\index.js"} {"metadata":{"emulator":{"name":"functions"},"function":{"name":"us-central1-api"},"extension":{},"message":"[runtime-status] [15132] Resolved module firebase-admin {\"declared\":true,\"installed\":true,\"version\":\"10.2.0\",\"resolution\":\"E:\\\\E-Commerce-G4\\\\e-commerce\\\\functions\\\\node_modules\\\\firebase-admin\\\\lib\\\\index.js\"}"}}
[debug] [2022-06-08T12:43:41.802Z] [runtime-status] [15132] Resolved module firebase-functions {"declared":true,"installed":true,"version":"3.21.2","resolution":"E:\\E-Commerce-G4\\e-commerce\\functions\\node_modules\\firebase-functions\\lib\\index.js"} {"metadata":{"emulator":{"name":"functions"},"function":{"name":"us-central1-api"},"extension":{},"message":"[runtime-status] [15132] Resolved module firebase-functions {\"declared\":true,\"installed\":true,\"version\":\"3.21.2\",\"resolution\":\"E:\\\\E-Commerce-G4\\\\e-commerce\\\\functions\\\\node_modules\\\\firebase-functions\\\\lib\\\\index.js\"}"}}
[debug] [2022-06-08T12:43:41.806Z] [runtime-status] [15132] Outgoing network have been stubbed. [{"name":"http","status":"mocked"},{"name":"http","status":"mocked"},{"name":"https","status":"mocked"},{"name":"https","status":"mocked"},{"name":"net","status":"mocked"}] {"metadata":{"emulator":{"name":"functions"},"function":{"name":"us-central1-api"},"extension":{},"message":"[runtime-status] [15132] Outgoing network have been stubbed. [{\"name\":\"http\",\"status\":\"mocked\"},{\"name\":\"http\",\"status\":\"mocked\"},{\"name\":\"https\",\"status\":\"mocked\"},{\"name\":\"https\",\"status\":\"mocked\"},{\"name\":\"net\",\"status\":\"mocked\"}]"}}
[debug] [2022-06-08T12:43:41.809Z] [runtime-status] [15132] Resolved module firebase-functions {"declared":true,"installed":true,"version":"3.21.2","resolution":"E:\\E-Commerce-G4\\e-commerce\\functions\\node_modules\\firebase-functions\\lib\\index.js"} {"metadata":{"emulator":{"name":"functions"},"function":{"name":"us-central1-api"},"extension":{},"message":"[runtime-status] [15132] Resolved module firebase-functions {\"declared\":true,\"installed\":true,\"version\":\"3.21.2\",\"resolution\":\"E:\\\\E-Commerce-G4\\\\e-commerce\\\\functions\\\\node_modules\\\\firebase-functions\\\\lib\\\\index.js\"}"}}
[debug] [2022-06-08T12:43:41.833Z] [runtime-status] [13932] Checked functions.config() {"config":{}} {"metadata":{"emulator":{"name":"functions"},"function":{"name":"us-central1-api"},"extension":{},"message":"[runtime-status] [13932] Checked functions.config() {\"config\":{}}"}}
[debug] [2022-06-08T12:43:41.834Z] [runtime-status] [13932] firebase-functions has been stubbed. {"functionsResolution":{"declared":true,"installed":true,"version":"3.21.2","resolution":"E:\\E-Commerce-G4\\e-commerce\\functions\\node_modules\\firebase-functions\\lib\\index.js"}} {"metadata":{"emulator":{"name":"functions"},"function":{"name":"us-central1-api"},"extension":{},"message":"[runtime-status] [13932] firebase-functions has been stubbed. {\"functionsResolution\":{\"declared\":true,\"installed\":true,\"version\":\"3.21.2\",\"resolution\":\"E:\\\\E-Commerce-G4\\\\e-commerce\\\\functions\\\\node_modules\\\\firebase-functions\\\\lib\\\\index.js\"}}"}}
[debug] [2022-06-08T12:43:41.838Z] [runtime-status] [13932] Resolved module firebase-functions {"declared":true,"installed":true,"version":"3.21.2","resolution":"E:\\E-Commerce-G4\\e-commerce\\functions\\node_modules\\firebase-functions\\lib\\index.js"} {"metadata":{"emulator":{"name":"functions"},"function":{"name":"us-central1-api"},"extension":{},"message":"[runtime-status] [13932] Resolved module firebase-functions {\"declared\":true,\"installed\":true,\"version\":\"3.21.2\",\"resolution\":\"E:\\\\E-Commerce-G4\\\\e-commerce\\\\functions\\\\node_modules\\\\firebase-functions\\\\lib\\\\index.js\"}"}}
[debug] [2022-06-08T12:43:41.843Z] [runtime-status] [13932] Resolved module firebase-admin {"declared":true,"installed":true,"version":"10.2.0","resolution":"E:\\E-Commerce-G4\\e-commerce\\functions\\node_modules\\firebase-admin\\lib\\index.js"} {"metadata":{"emulator":{"name":"functions"},"function":{"name":"us-central1-api"},"extension":{},"message":"[runtime-status] [13932] Resolved module firebase-admin {\"declared\":true,\"installed\":true,\"version\":\"10.2.0\",\"resolution\":\"E:\\\\E-Commerce-G4\\\\e-commerce\\\\functions\\\\node_modules\\\\firebase-admin\\\\lib\\\\index.js\"}"}}
[debug] [2022-06-08T12:43:41.845Z] [runtime-status] [13932] Resolved module firebase-functions {"declared":true,"installed":true,"version":"3.21.2","resolution":"E:\\E-Commerce-G4\\e-commerce\\functions\\node_modules\\firebase-functions\\lib\\index.js"} {"metadata":{"emulator":{"name":"functions"},"function":{"name":"us-central1-api"},"extension":{},"message":"[runtime-status] [13932] Resolved module firebase-functions {\"declared\":true,\"installed\":true,\"version\":\"3.21.2\",\"resolution\":\"E:\\\\E-Commerce-G4\\\\e-commerce\\\\functions\\\\node_modules\\\\firebase-functions\\\\lib\\\\index.js\"}"}}
[debug] [2022-06-08T12:43:41.845Z] [runtime-status] [13932] firebase-admin has been stubbed. {"adminResolution":{"declared":true,"installed":true,"version":"10.2.0","resolution":"E:\\E-Commerce-G4\\e-commerce\\functions\\node_modules\\firebase-admin\\lib\\index.js"}} {"metadata":{"emulator":{"name":"functions"},"function":{"name":"us-central1-api"},"extension":{},"message":"[runtime-status] [13932] firebase-admin has been stubbed. {\"adminResolution\":{\"declared\":true,\"installed\":true,\"version\":\"10.2.0\",\"resolution\":\"E:\\\\E-Commerce-G4\\\\e-commerce\\\\functions\\\\node_modules\\\\firebase-admin\\\\lib\\\\index.js\"}}"}}
[debug] [2022-06-08T12:43:41.970Z] [runtime-status] [15132] Checked functions.config() {"config":{}} {"metadata":{"emulator":{"name":"functions"},"function":{"name":"us-central1-api"},"extension":{},"message":"[runtime-status] [15132] Checked functions.config() {\"config\":{}}"}}
[debug] [2022-06-08T12:43:41.971Z] [runtime-status] [15132] firebase-functions has been stubbed. {"functionsResolution":{"declared":true,"installed":true,"version":"3.21.2","resolution":"E:\\E-Commerce-G4\\e-commerce\\functions\\node_modules\\firebase-functions\\lib\\index.js"}} {"metadata":{"emulator":{"name":"functions"},"function":{"name":"us-central1-api"},"extension":{},"message":"[runtime-status] [15132] firebase-functions has been stubbed. {\"functionsResolution\":{\"declared\":true,\"installed\":true,\"version\":\"3.21.2\",\"resolution\":\"E:\\\\E-Commerce-G4\\\\e-commerce\\\\functions\\\\node_modules\\\\firebase-functions\\\\lib\\\\index.js\"}}"}}
[debug] [2022-06-08T12:43:41.975Z] [runtime-status] [15132] Resolved module firebase-functions {"declared":true,"installed":true,"version":"3.21.2","resolution":"E:\\E-Commerce-G4\\e-commerce\\functions\\node_modules\\firebase-functions\\lib\\index.js"} {"metadata":{"emulator":{"name":"functions"},"function":{"name":"us-central1-api"},"extension":{},"message":"[runtime-status] [15132] Resolved module firebase-functions {\"declared\":true,\"installed\":true,\"version\":\"3.21.2\",\"resolution\":\"E:\\\\E-Commerce-G4\\\\e-commerce\\\\functions\\\\node_modules\\\\firebase-functions\\\\lib\\\\index.js\"}"}}
[debug] [2022-06-08T12:43:41.980Z] [runtime-status] [15132] Resolved module firebase-admin {"declared":true,"installed":true,"version":"10.2.0","resolution":"E:\\E-Commerce-G4\\e-commerce\\functions\\node_modules\\firebase-admin\\lib\\index.js"} {"metadata":{"emulator":{"name":"functions"},"function":{"name":"us-central1-api"},"extension":{},"message":"[runtime-status] [15132] Resolved module firebase-admin {\"declared\":true,\"installed\":true,\"version\":\"10.2.0\",\"resolution\":\"E:\\\\E-Commerce-G4\\\\e-commerce\\\\functions\\\\node_modules\\\\firebase-admin\\\\lib\\\\index.js\"}"}}
[debug] [2022-06-08T12:43:41.983Z] [runtime-status] [15132] Resolved module firebase-functions {"declared":true,"installed":true,"version":"3.21.2","resolution":"E:\\E-Commerce-G4\\e-commerce\\functions\\node_modules\\firebase-functions\\lib\\index.js"} {"metadata":{"emulator":{"name":"functions"},"function":{"name":"us-central1-api"},"extension":{},"message":"[runtime-status] [15132] Resolved module firebase-functions {\"declared\":true,\"installed\":true,\"version\":\"3.21.2\",\"resolution\":\"E:\\\\E-Commerce-G4\\\\e-commerce\\\\functions\\\\node_modules\\\\firebase-functions\\\\lib\\\\index.js\"}"}}
[debug] [2022-06-08T12:43:41.984Z] [runtime-status] [15132] firebase-admin has been stubbed. {"adminResolution":{"declared":true,"installed":true,"version":"10.2.0","resolution":"E:\\E-Commerce-G4\\e-commerce\\functions\\node_modules\\firebase-admin\\lib\\index.js"}} {"metadata":{"emulator":{"name":"functions"},"function":{"name":"us-central1-api"},"extension":{},"message":"[runtime-status] [15132] firebase-admin has been stubbed. {\"adminResolution\":{\"declared\":true,\"installed\":true,\"version\":\"10.2.0\",\"resolution\":\"E:\\\\E-Commerce-G4\\\\e-commerce\\\\functions\\\\node_modules\\\\firebase-admin\\\\lib\\\\index.js\"}}"}}
[debug] [2022-06-08T12:43:42.562Z] [runtime-status] [13932] Beginning invocation function api! {"metadata":{"emulator":{"name":"functions"},"function":{"name":"us-central1-api"},"extension":{},"message":"[runtime-status] [13932] Beginning invocation function api!"}}
[info] i  functions: Beginning execution of "api" {"metadata":{"emulator":{"name":"functions"},"function":{"name":"us-central1-api"},"extension":{},"message":"Beginning execution of \"api\""}}
[debug] [2022-06-08T12:43:42.565Z] [runtime-status] [13932] Running api in signature http {"metadata":{"emulator":{"name":"functions"},"function":{"name":"us-central1-api"},"extension":{},"message":"[runtime-status] [13932] Running api in signature http"}}
[debug] [2022-06-08T12:43:42.573Z] [runtime-status] [13932] Attempting to listen to socketPath: \\?\pipe\E:\E-Commerce-G4\e-commerce\functions\13932 {"metadata":{"emulator":{"name":"functions"},"function":{"name":"us-central1-api"},"extension":{},"message":"[runtime-status] [13932] Attempting to listen to socketPath: \\\\?\\pipe\\E:\\E-Commerce-G4\\e-commerce\\functions\\13932"}}
[debug] [2022-06-08T12:43:42.598Z] [functions] Runtime ready! Sending request! {"metadata":{"emulator":{"name":"functions"},"message":"[functions] Runtime ready! Sending request!"}}
[debug] [2022-06-08T12:43:42.612Z] [functions] Got req.url=/e-commerce-94feb/us-central1/api/payments/create?total=579000, mapping to path=/payments/create?total=579000 {"metadata":{"emulator":{"name":"functions"},"message":"[functions] Got req.url=/e-commerce-94feb/us-central1/api/payments/create?total=579000, mapping to path=/payments/create?total=579000"}}
[debug] [2022-06-08T12:43:42.665Z] [runtime-status] [13932] Ephemeral server handling POST request {"metadata":{"emulator":{"name":"functions"},"function":{"name":"us-central1-api"},"extension":{},"message":"[runtime-status] [13932] Ephemeral server handling POST request"}}
[info] >  Payment Request Recieved BOOM!!! for this amount >>>  579000 {"user":"Payment Request Recieved BOOM!!! for this amount >>>  579000","metadata":{"emulator":{"name":"functions"},"function":{"name":"us-central1-api"},"extension":{},"message":"\u001b[90m> \u001b[39m Payment Request Recieved BOOM!!! for this amount >>>  579000"}}
[debug] [2022-06-08T12:43:42.806Z] [runtime-status] [13932] Ephemeral server survived. {"metadata":{"emulator":{"name":"functions"},"function":{"name":"us-central1-api"},"extension":{},"message":"[runtime-status] [13932] Ephemeral server survived."}}
[debug] [2022-06-08T12:43:43.058Z] [runtime-status] [15132] Beginning invocation function api! {"metadata":{"emulator":{"name":"functions"},"function":{"name":"us-central1-api"},"extension":{},"message":"[runtime-status] [15132] Beginning invocation function api!"}}
[info] i  functions: Beginning execution of "api" {"metadata":{"emulator":{"name":"functions"},"function":{"name":"us-central1-api"},"extension":{},"message":"Beginning execution of \"api\""}}
[debug] [2022-06-08T12:43:43.060Z] [runtime-status] [15132] Running api in signature http {"metadata":{"emulator":{"name":"functions"},"function":{"name":"us-central1-api"},"extension":{},"message":"[runtime-status] [15132] Running api in signature http"}}
[debug] [2022-06-08T12:43:43.070Z] [runtime-status] [15132] Attempting to listen to socketPath: \\?\pipe\E:\E-Commerce-G4\e-commerce\functions\15132 {"metadata":{"emulator":{"name":"functions"},"function":{"name":"us-central1-api"},"extension":{},"message":"[runtime-status] [15132] Attempting to listen to socketPath: \\\\?\\pipe\\E:\\E-Commerce-G4\\e-commerce\\functions\\15132"}}
[debug] [2022-06-08T12:43:43.077Z] [functions] Runtime ready! Sending request! {"metadata":{"emulator":{"name":"functions"},"message":"[functions] Runtime ready! Sending request!"}}
[debug] [2022-06-08T12:43:43.078Z] [functions] Got req.url=/e-commerce-94feb/us-central1/api/payments/create?total=289500, mapping to path=/payments/create?total=289500 {"metadata":{"emulator":{"name":"functions"},"message":"[functions] Got req.url=/e-commerce-94feb/us-central1/api/payments/create?total=289500, mapping to path=/payments/create?total=289500"}}
[debug] [2022-06-08T12:43:43.095Z] [runtime-status] [15132] Ephemeral server handling POST request {"metadata":{"emulator":{"name":"functions"},"function":{"name":"us-central1-api"},"extension":{},"message":"[runtime-status] [15132] Ephemeral server handling POST request"}}
[info] >  Payment Request Recieved BOOM!!! for this amount >>>  289500 {"user":"Payment Request Recieved BOOM!!! for this amount >>>  289500","metadata":{"emulator":{"name":"functions"},"function":{"name":"us-central1-api"},"extension":{},"message":"\u001b[90m> \u001b[39m Payment Request Recieved BOOM!!! for this amount >>>  289500"}}
[debug] [2022-06-08T12:43:43.161Z] [runtime-status] [15132] Ephemeral server survived. {"metadata":{"emulator":{"name":"functions"},"function":{"name":"us-central1-api"},"extension":{},"message":"[runtime-status] [15132] Ephemeral server survived."}}
[info] i  functions: Finished "api" in ~1s {"metadata":{"emulator":{"name":"functions"},"function":{"name":"us-central1-api"},"extension":{},"message":"Finished \"api\" in ~1s"}}
[debug] [2022-06-08T12:43:43.753Z] [worker-us-central1-api-3d0d363d-f1f0-4af9-a994-c80249204182]: IDLE {"metadata":{"emulator":{"name":"functions"},"message":"[worker-us-central1-api-3d0d363d-f1f0-4af9-a994-c80249204182]: IDLE"}}
[debug] [2022-06-08T12:43:43.753Z] [work-queue] {"queueLength":0,"workRunningCount":1}
[info] i  functions: Finished "api" in ~1s {"metadata":{"emulator":{"name":"functions"},"function":{"name":"us-central1-api"},"extension":{},"message":"Finished \"api\" in ~1s"}}
[debug] [2022-06-08T12:43:43.785Z] [worker-us-central1-api-c2dfddd3-10eb-482a-ac53-509492dd80e4]: IDLE {"metadata":{"emulator":{"name":"functions"},"message":"[worker-us-central1-api-c2dfddd3-10eb-482a-ac53-509492dd80e4]: IDLE"}}
[debug] [2022-06-08T12:43:43.785Z] [work-queue] {"queueLength":0,"workRunningCount":0}
[debug] [2022-06-08T12:46:22.611Z] [work-queue] {"queueLength":1,"workRunningCount":0}
[debug] [2022-06-08T12:46:22.612Z] [work-queue] {"queueLength":0,"workRunningCount":1}
[debug] [2022-06-08T12:46:22.612Z] Accepted request POST /e-commerce-94feb/us-central1/api/payments/create?total=1689500 --> us-central1-api
[debug] [2022-06-08T12:46:22.612Z] [worker-pool] submitWork(triggerId=us-central1-api) {"metadata":{"emulator":{"name":"functions"},"message":"[worker-pool] submitWork(triggerId=us-central1-api)"}}
[debug] [2022-06-08T12:46:22.612Z] [worker-us-central1-api-c2dfddd3-10eb-482a-ac53-509492dd80e4]: Assigning socketPath: \\?\pipe\E:\E-Commerce-G4\e-commerce\functions\13932 {"metadata":{"emulator":{"name":"functions"},"message":"[worker-us-central1-api-c2dfddd3-10eb-482a-ac53-509492dd80e4]: Assigning socketPath: \\\\?\\pipe\\E:\\E-Commerce-G4\\e-commerce\\functions\\13932"}}
[debug] [2022-06-08T12:46:22.613Z] [worker-us-central1-api-c2dfddd3-10eb-482a-ac53-509492dd80e4]: BUSY {"metadata":{"emulator":{"name":"functions"},"message":"[worker-us-central1-api-c2dfddd3-10eb-482a-ac53-509492dd80e4]: BUSY"}}
[debug] [2022-06-08T12:46:22.614Z] [runtime-status] [13932] Beginning invocation function api! {"metadata":{"emulator":{"name":"functions"},"function":{"name":"us-central1-api"},"extension":{},"message":"[runtime-status] [13932] Beginning invocation function api!"}}
[info] i  functions: Beginning execution of "api" {"metadata":{"emulator":{"name":"functions"},"function":{"name":"us-central1-api"},"extension":{},"message":"Beginning execution of \"api\""}}
[debug] [2022-06-08T12:46:22.616Z] [runtime-status] [13932] Running api in signature http {"metadata":{"emulator":{"name":"functions"},"function":{"name":"us-central1-api"},"extension":{},"message":"[runtime-status] [13932] Running api in signature http"}}
[debug] [2022-06-08T12:46:22.618Z] [runtime-status] [13932] Attempting to listen to socketPath: \\?\pipe\E:\E-Commerce-G4\e-commerce\functions\13932 {"metadata":{"emulator":{"name":"functions"},"function":{"name":"us-central1-api"},"extension":{},"message":"[runtime-status] [13932] Attempting to listen to socketPath: \\\\?\\pipe\\E:\\E-Commerce-G4\\e-commerce\\functions\\13932"}}
[debug] [2022-06-08T12:46:22.623Z] [functions] Runtime ready! Sending request! {"metadata":{"emulator":{"name":"functions"},"message":"[functions] Runtime ready! Sending request!"}}
[debug] [2022-06-08T12:46:22.624Z] [functions] Got req.url=/e-commerce-94feb/us-central1/api/payments/create?total=1689500, mapping to path=/payments/create?total=1689500 {"metadata":{"emulator":{"name":"functions"},"message":"[functions] Got req.url=/e-commerce-94feb/us-central1/api/payments/create?total=1689500, mapping to path=/payments/create?total=1689500"}}
[debug] [2022-06-08T12:46:22.629Z] [runtime-status] [13932] Ephemeral server handling POST request {"metadata":{"emulator":{"name":"functions"},"function":{"name":"us-central1-api"},"extension":{},"message":"[runtime-status] [13932] Ephemeral server handling POST request"}}
[info] >  Payment Request Recieved BOOM!!! for this amount >>>  1689500 {"user":"Payment Request Recieved BOOM!!! for this amount >>>  1689500","metadata":{"emulator":{"name":"functions"},"function":{"name":"us-central1-api"},"extension":{},"message":"\u001b[90m> \u001b[39m Payment Request Recieved BOOM!!! for this amount >>>  1689500"}}
[debug] [2022-06-08T12:46:22.636Z] [runtime-status] [13932] Ephemeral server survived. {"metadata":{"emulator":{"name":"functions"},"function":{"name":"us-central1-api"},"extension":{},"message":"[runtime-status] [13932] Ephemeral server survived."}}
[info] i  functions: Finished "api" in ~1s {"metadata":{"emulator":{"name":"functions"},"function":{"name":"us-central1-api"},"extension":{},"message":"Finished \"api\" in ~1s"}}
[debug] [2022-06-08T12:46:23.058Z] [worker-us-central1-api-c2dfddd3-10eb-482a-ac53-509492dd80e4]: IDLE {"metadata":{"emulator":{"name":"functions"},"message":"[worker-us-central1-api-c2dfddd3-10eb-482a-ac53-509492dd80e4]: IDLE"}}
[debug] [2022-06-08T12:46:23.059Z] [work-queue] {"queueLength":0,"workRunningCount":0}
[debug] [2022-06-08T12:46:52.151Z] [work-queue] {"queueLength":1,"workRunningCount":0}
[debug] [2022-06-08T12:46:52.151Z] [work-queue] {"queueLength":0,"workRunningCount":1}
[debug] [2022-06-08T12:46:52.152Z] Accepted request POST /e-commerce-94feb/us-central1/api/payments/create?total=0 --> us-central1-api
[debug] [2022-06-08T12:46:52.152Z] [worker-pool] submitWork(triggerId=us-central1-api) {"metadata":{"emulator":{"name":"functions"},"message":"[worker-pool] submitWork(triggerId=us-central1-api)"}}
[debug] [2022-06-08T12:46:52.152Z] [worker-us-central1-api-c2dfddd3-10eb-482a-ac53-509492dd80e4]: Assigning socketPath: \\?\pipe\E:\E-Commerce-G4\e-commerce\functions\13932 {"metadata":{"emulator":{"name":"functions"},"message":"[worker-us-central1-api-c2dfddd3-10eb-482a-ac53-509492dd80e4]: Assigning socketPath: \\\\?\\pipe\\E:\\E-Commerce-G4\\e-commerce\\functions\\13932"}}
[debug] [2022-06-08T12:46:52.154Z] [worker-us-central1-api-c2dfddd3-10eb-482a-ac53-509492dd80e4]: BUSY {"metadata":{"emulator":{"name":"functions"},"message":"[worker-us-central1-api-c2dfddd3-10eb-482a-ac53-509492dd80e4]: BUSY"}}
[debug] [2022-06-08T12:46:52.155Z] [runtime-status] [13932] Beginning invocation function api! {"metadata":{"emulator":{"name":"functions"},"function":{"name":"us-central1-api"},"extension":{},"message":"[runtime-status] [13932] Beginning invocation function api!"}}
[info] i  functions: Beginning execution of "api" {"metadata":{"emulator":{"name":"functions"},"function":{"name":"us-central1-api"},"extension":{},"message":"Beginning execution of \"api\""}}
[debug] [2022-06-08T12:46:52.157Z] [runtime-status] [13932] Running api in signature http {"metadata":{"emulator":{"name":"functions"},"function":{"name":"us-central1-api"},"extension":{},"message":"[runtime-status] [13932] Running api in signature http"}}
[debug] [2022-06-08T12:46:52.157Z] [runtime-status] [13932] Attempting to listen to socketPath: \\?\pipe\E:\E-Commerce-G4\e-commerce\functions\13932 {"metadata":{"emulator":{"name":"functions"},"function":{"name":"us-central1-api"},"extension":{},"message":"[runtime-status] [13932] Attempting to listen to socketPath: \\\\?\\pipe\\E:\\E-Commerce-G4\\e-commerce\\functions\\13932"}}
[debug] [2022-06-08T12:46:52.159Z] [functions] Runtime ready! Sending request! {"metadata":{"emulator":{"name":"functions"},"message":"[functions] Runtime ready! Sending request!"}}
[debug] [2022-06-08T12:46:52.160Z] [functions] Got req.url=/e-commerce-94feb/us-central1/api/payments/create?total=0, mapping to path=/payments/create?total=0 {"metadata":{"emulator":{"name":"functions"},"message":"[functions] Got req.url=/e-commerce-94feb/us-central1/api/payments/create?total=0, mapping to path=/payments/create?total=0"}}
[debug] [2022-06-08T12:46:52.162Z] [runtime-status] [13932] Ephemeral server handling POST request {"metadata":{"emulator":{"name":"functions"},"function":{"name":"us-central1-api"},"extension":{},"message":"[runtime-status] [13932] Ephemeral server handling POST request"}}
[info] >  Payment Request Recieved BOOM!!! for this amount >>>  0 {"user":"Payment Request Recieved BOOM!!! for this amount >>>  0","metadata":{"emulator":{"name":"functions"},"function":{"name":"us-central1-api"},"extension":{},"message":"\u001b[90m> \u001b[39m Payment Request Recieved BOOM!!! for this amount >>>  0"}}
[debug] [2022-06-08T12:46:52.166Z] [runtime-status] [13932] Ephemeral server survived. {"metadata":{"emulator":{"name":"functions"},"function":{"name":"us-central1-api"},"extension":{},"message":"[runtime-status] [13932] Ephemeral server survived."}}
[info] >  E:\E-Commerce-G4\e-commerce\functions\node_modules\stripe\lib\Error.js:40 {"user":"E:\\E-Commerce-G4\\e-commerce\\functions\\node_modules\\stripe\\lib\\Error.js:40\r","metadata":{"emulator":{"name":"functions"},"function":{"name":"us-central1-api"},"extension":{},"message":"\u001b[90m> \u001b[39m E:\\E-Commerce-G4\\e-commerce\\functions\\node_modules\\stripe\\lib\\Error.js:40\r"}}
[info] >          return new StripeInvalidRequestError(rawStripeError); {"user":"        return new StripeInvalidRequestError(rawStripeError);\r","metadata":{"emulator":{"name":"functions"},"function":{"name":"us-central1-api"},"extension":{},"message":"\u001b[90m> \u001b[39m         return new StripeInvalidRequestError(rawStripeError);\r"}}
[info] >                 ^ {"user":"               ^\r","metadata":{"emulator":{"name":"functions"},"function":{"name":"us-central1-api"},"extension":{},"message":"\u001b[90m> \u001b[39m                ^\r"}}
[info] >   {"user":"\r","metadata":{"emulator":{"name":"functions"},"function":{"name":"us-central1-api"},"extension":{},"message":"\u001b[90m> \u001b[39m \r"}}
[info] >  StripeInvalidRequestError: This value must be greater than or equal to 1. {"user":"StripeInvalidRequestError: This value must be greater than or equal to 1.\r","metadata":{"emulator":{"name":"functions"},"function":{"name":"us-central1-api"},"extension":{},"message":"\u001b[90m> \u001b[39m StripeInvalidRequestError: This value must be greater than or equal to 1.\r"}}
[info] >      at Function.generate (E:\E-Commerce-G4\e-commerce\functions\node_modules\stripe\lib\Error.js:40:16) {"user":"    at Function.generate (E:\\E-Commerce-G4\\e-commerce\\functions\\node_modules\\stripe\\lib\\Error.js:40:16)\r","metadata":{"emulator":{"name":"functions"},"function":{"name":"us-central1-api"},"extension":{},"message":"\u001b[90m> \u001b[39m     at Function.generate (E:\\E-Commerce-G4\\e-commerce\\functions\\node_modules\\stripe\\lib\\Error.js:40:16)\r"}}
[info] >      at res.toJSON.then.StripeAPIError.message (E:\E-Commerce-G4\e-commerce\functions\node_modules\stripe\lib\StripeResource.js:220:35) {"user":"    at res.toJSON.then.StripeAPIError.message (E:\\E-Commerce-G4\\e-commerce\\functions\\node_modules\\stripe\\lib\\StripeResource.js:220:35)\r","metadata":{"emulator":{"name":"functions"},"function":{"name":"us-central1-api"},"extension":{},"message":"\u001b[90m> \u001b[39m     at res.toJSON.then.StripeAPIError.message (E:\\E-Commerce-G4\\e-commerce\\functions\\node_modules\\stripe\\lib\\StripeResource.js:220:35)\r"}}
[info] >      at processTicksAndRejections (node:internal/process/task_queues:96:5) { {"user":"    at processTicksAndRejections (node:internal/process/task_queues:96:5) {\r","metadata":{"emulator":{"name":"functions"},"function":{"name":"us-central1-api"},"extension":{},"message":"\u001b[90m> \u001b[39m     at processTicksAndRejections (node:internal/process/task_queues:96:5) {\r"}}
[info] >    type: 'StripeInvalidRequestError', {"user":"  type: 'StripeInvalidRequestError',\r","metadata":{"emulator":{"name":"functions"},"function":{"name":"us-central1-api"},"extension":{},"message":"\u001b[90m> \u001b[39m   type: 'StripeInvalidRequestError',\r"}}
[info] >    raw: { {"user":"  raw: {\r","metadata":{"emulator":{"name":"functions"},"function":{"name":"us-central1-api"},"extension":{},"message":"\u001b[90m> \u001b[39m   raw: {\r"}}
[info] >      code: 'parameter_invalid_integer', {"user":"    code: 'parameter_invalid_integer',\r","metadata":{"emulator":{"name":"functions"},"function":{"name":"us-central1-api"},"extension":{},"message":"\u001b[90m> \u001b[39m     code: 'parameter_invalid_integer',\r"}}
[info] >      doc_url: 'https://stripe.com/docs/error-codes/parameter-invalid-integer', {"user":"    doc_url: 'https://stripe.com/docs/error-codes/parameter-invalid-integer',\r","metadata":{"emulator":{"name":"functions"},"function":{"name":"us-central1-api"},"extension":{},"message":"\u001b[90m> \u001b[39m     doc_url: 'https://stripe.com/docs/error-codes/parameter-invalid-integer',\r"}}
[info] >      message: 'This value must be greater than or equal to 1.', {"user":"    message: 'This value must be greater than or equal to 1.',\r","metadata":{"emulator":{"name":"functions"},"function":{"name":"us-central1-api"},"extension":{},"message":"\u001b[90m> \u001b[39m     message: 'This value must be greater than or equal to 1.',\r"}}
[info] >      param: 'amount', {"user":"    param: 'amount',\r","metadata":{"emulator":{"name":"functions"},"function":{"name":"us-central1-api"},"extension":{},"message":"\u001b[90m> \u001b[39m     param: 'amount',\r"}}
[info] >      type: 'invalid_request_error', {"user":"    type: 'invalid_request_error',\r","metadata":{"emulator":{"name":"functions"},"function":{"name":"us-central1-api"},"extension":{},"message":"\u001b[90m> \u001b[39m     type: 'invalid_request_error',\r"}}
[info] >      headers: { {"user":"    headers: {\r","metadata":{"emulator":{"name":"functions"},"function":{"name":"us-central1-api"},"extension":{},"message":"\u001b[90m> \u001b[39m     headers: {\r"}}
[info] >        server: 'nginx', {"user":"      server: 'nginx',\r","metadata":{"emulator":{"name":"functions"},"function":{"name":"us-central1-api"},"extension":{},"message":"\u001b[90m> \u001b[39m       server: 'nginx',\r"}}
[info] >        date: 'Wed, 08 Jun 2022 12:46:52 GMT', {"user":"      date: 'Wed, 08 Jun 2022 12:46:52 GMT',\r","metadata":{"emulator":{"name":"functions"},"function":{"name":"us-central1-api"},"extension":{},"message":"\u001b[90m> \u001b[39m       date: 'Wed, 08 Jun 2022 12:46:52 GMT',\r"}}
[info] >        'content-type': 'application/json', {"user":"      'content-type': 'application/json',\r","metadata":{"emulator":{"name":"functions"},"function":{"name":"us-central1-api"},"extension":{},"message":"\u001b[90m> \u001b[39m       'content-type': 'application/json',\r"}}
[info] >        'content-length': '266', {"user":"      'content-length': '266',\r","metadata":{"emulator":{"name":"functions"},"function":{"name":"us-central1-api"},"extension":{},"message":"\u001b[90m> \u001b[39m       'content-length': '266',\r"}}
[info] >        connection: 'keep-alive', {"user":"      connection: 'keep-alive',\r","metadata":{"emulator":{"name":"functions"},"function":{"name":"us-central1-api"},"extension":{},"message":"\u001b[90m> \u001b[39m       connection: 'keep-alive',\r"}}
[info] >        'access-control-allow-credentials': 'true', {"user":"      'access-control-allow-credentials': 'true',\r","metadata":{"emulator":{"name":"functions"},"function":{"name":"us-central1-api"},"extension":{},"message":"\u001b[90m> \u001b[39m       'access-control-allow-credentials': 'true',\r"}}
[info] >        'access-control-allow-methods': 'GET, POST, HEAD, OPTIONS, DELETE', {"user":"      'access-control-allow-methods': 'GET, POST, HEAD, OPTIONS, DELETE',\r","metadata":{"emulator":{"name":"functions"},"function":{"name":"us-central1-api"},"extension":{},"message":"\u001b[90m> \u001b[39m       'access-control-allow-methods': 'GET, POST, HEAD, OPTIONS, DELETE',\r"}}
[info] >        'access-control-allow-origin': '*', {"user":"      'access-control-allow-origin': '*',\r","metadata":{"emulator":{"name":"functions"},"function":{"name":"us-central1-api"},"extension":{},"message":"\u001b[90m> \u001b[39m       'access-control-allow-origin': '*',\r"}}
[info] >        'access-control-expose-headers': 'Request-Id, Stripe-Manage-Version, X-Stripe-External-Auth-Required, X-Stripe-Privileged-Session-Required', {"user":"      'access-control-expose-headers': 'Request-Id, Stripe-Manage-Version, X-Stripe-External-Auth-Required, X-Stripe-Privileged-Session-Required',\r","metadata":{"emulator":{"name":"functions"},"function":{"name":"us-central1-api"},"extension":{},"message":"\u001b[90m> \u001b[39m       'access-control-expose-headers': 'Request-Id, Stripe-Manage-Version, X-Stripe-External-Auth-Required, X-Stripe-Privileged-Session-Required',\r"}}
[info] >        'access-control-max-age': '300', {"user":"      'access-control-max-age': '300',\r","metadata":{"emulator":{"name":"functions"},"function":{"name":"us-central1-api"},"extension":{},"message":"\u001b[90m> \u001b[39m       'access-control-max-age': '300',\r"}}
[info] >        'cache-control': 'no-cache, no-store', {"user":"      'cache-control': 'no-cache, no-store',\r","metadata":{"emulator":{"name":"functions"},"function":{"name":"us-central1-api"},"extension":{},"message":"\u001b[90m> \u001b[39m       'cache-control': 'no-cache, no-store',\r"}}
[info] >        'idempotency-key': 'f7bacc15-cd8b-4ac6-9075-a89c881aa52c', {"user":"      'idempotency-key': 'f7bacc15-cd8b-4ac6-9075-a89c881aa52c',\r","metadata":{"emulator":{"name":"functions"},"function":{"name":"us-central1-api"},"extension":{},"message":"\u001b[90m> \u001b[39m       'idempotency-key': 'f7bacc15-cd8b-4ac6-9075-a89c881aa52c',\r"}}
[info] >        'original-request': 'req_fyYhPqA1a1jdvz', {"user":"      'original-request': 'req_fyYhPqA1a1jdvz',\r","metadata":{"emulator":{"name":"functions"},"function":{"name":"us-central1-api"},"extension":{},"message":"\u001b[90m> \u001b[39m       'original-request': 'req_fyYhPqA1a1jdvz',\r"}}
[info] >        'request-id': 'req_fyYhPqA1a1jdvz', {"user":"      'request-id': 'req_fyYhPqA1a1jdvz',\r","metadata":{"emulator":{"name":"functions"},"function":{"name":"us-central1-api"},"extension":{},"message":"\u001b[90m> \u001b[39m       'request-id': 'req_fyYhPqA1a1jdvz',\r"}}
[info] >        'stripe-version': '2020-08-27', {"user":"      'stripe-version': '2020-08-27',\r","metadata":{"emulator":{"name":"functions"},"function":{"name":"us-central1-api"},"extension":{},"message":"\u001b[90m> \u001b[39m       'stripe-version': '2020-08-27',\r"}}
[info] >        'strict-transport-security': 'max-age=31556926; includeSubDomains; preload' {"user":"      'strict-transport-security': 'max-age=31556926; includeSubDomains; preload'\r","metadata":{"emulator":{"name":"functions"},"function":{"name":"us-central1-api"},"extension":{},"message":"\u001b[90m> \u001b[39m       'strict-transport-security': 'max-age=31556926; includeSubDomains; preload'\r"}}
[info] >      }, {"user":"    },\r","metadata":{"emulator":{"name":"functions"},"function":{"name":"us-central1-api"},"extension":{},"message":"\u001b[90m> \u001b[39m     },\r"}}
[info] >      statusCode: 400, {"user":"    statusCode: 400,\r","metadata":{"emulator":{"name":"functions"},"function":{"name":"us-central1-api"},"extension":{},"message":"\u001b[90m> \u001b[39m     statusCode: 400,\r"}}
[info] >      requestId: 'req_fyYhPqA1a1jdvz' {"user":"    requestId: 'req_fyYhPqA1a1jdvz'\r","metadata":{"emulator":{"name":"functions"},"function":{"name":"us-central1-api"},"extension":{},"message":"\u001b[90m> \u001b[39m     requestId: 'req_fyYhPqA1a1jdvz'\r"}}
[info] >    }, {"user":"  },\r","metadata":{"emulator":{"name":"functions"},"function":{"name":"us-central1-api"},"extension":{},"message":"\u001b[90m> \u001b[39m   },\r"}}
[info] >    rawType: 'invalid_request_error', {"user":"  rawType: 'invalid_request_error',\r","metadata":{"emulator":{"name":"functions"},"function":{"name":"us-central1-api"},"extension":{},"message":"\u001b[90m> \u001b[39m   rawType: 'invalid_request_error',\r"}}
[info] >    code: 'parameter_invalid_integer', {"user":"  code: 'parameter_invalid_integer',\r","metadata":{"emulator":{"name":"functions"},"function":{"name":"us-central1-api"},"extension":{},"message":"\u001b[90m> \u001b[39m   code: 'parameter_invalid_integer',\r"}}
[info] >    doc_url: 'https://stripe.com/docs/error-codes/parameter-invalid-integer', {"user":"  doc_url: 'https://stripe.com/docs/error-codes/parameter-invalid-integer',\r","metadata":{"emulator":{"name":"functions"},"function":{"name":"us-central1-api"},"extension":{},"message":"\u001b[90m> \u001b[39m   doc_url: 'https://stripe.com/docs/error-codes/parameter-invalid-integer',\r"}}
[info] >    param: 'amount', {"user":"  param: 'amount',\r","metadata":{"emulator":{"name":"functions"},"function":{"name":"us-central1-api"},"extension":{},"message":"\u001b[90m> \u001b[39m   param: 'amount',\r"}}
[info] >    detail: undefined, {"user":"  detail: undefined,\r","metadata":{"emulator":{"name":"functions"},"function":{"name":"us-central1-api"},"extension":{},"message":"\u001b[90m> \u001b[39m   detail: undefined,\r"}}
[info] >    headers: { {"user":"  headers: {\r","metadata":{"emulator":{"name":"functions"},"function":{"name":"us-central1-api"},"extension":{},"message":"\u001b[90m> \u001b[39m   headers: {\r"}}
[info] >      server: 'nginx', {"user":"    server: 'nginx',\r","metadata":{"emulator":{"name":"functions"},"function":{"name":"us-central1-api"},"extension":{},"message":"\u001b[90m> \u001b[39m     server: 'nginx',\r"}}
[info] >      date: 'Wed, 08 Jun 2022 12:46:52 GMT', {"user":"    date: 'Wed, 08 Jun 2022 12:46:52 GMT',\r","metadata":{"emulator":{"name":"functions"},"function":{"name":"us-central1-api"},"extension":{},"message":"\u001b[90m> \u001b[39m     date: 'Wed, 08 Jun 2022 12:46:52 GMT',\r"}}
[info] >      'content-type': 'application/json', {"user":"    'content-type': 'application/json',\r","metadata":{"emulator":{"name":"functions"},"function":{"name":"us-central1-api"},"extension":{},"message":"\u001b[90m> \u001b[39m     'content-type': 'application/json',\r"}}
[info] >      'content-length': '266', {"user":"    'content-length': '266',\r","metadata":{"emulator":{"name":"functions"},"function":{"name":"us-central1-api"},"extension":{},"message":"\u001b[90m> \u001b[39m     'content-length': '266',\r"}}
[info] >      connection: 'keep-alive', {"user":"    connection: 'keep-alive',\r","metadata":{"emulator":{"name":"functions"},"function":{"name":"us-central1-api"},"extension":{},"message":"\u001b[90m> \u001b[39m     connection: 'keep-alive',\r"}}
[info] >      'access-control-allow-credentials': 'true', {"user":"    'access-control-allow-credentials': 'true',\r","metadata":{"emulator":{"name":"functions"},"function":{"name":"us-central1-api"},"extension":{},"message":"\u001b[90m> \u001b[39m     'access-control-allow-credentials': 'true',\r"}}
[info] >      'access-control-allow-methods': 'GET, POST, HEAD, OPTIONS, DELETE', {"user":"    'access-control-allow-methods': 'GET, POST, HEAD, OPTIONS, DELETE',\r","metadata":{"emulator":{"name":"functions"},"function":{"name":"us-central1-api"},"extension":{},"message":"\u001b[90m> \u001b[39m     'access-control-allow-methods': 'GET, POST, HEAD, OPTIONS, DELETE',\r"}}
[info] >      'access-control-allow-origin': '*', {"user":"    'access-control-allow-origin': '*',\r","metadata":{"emulator":{"name":"functions"},"function":{"name":"us-central1-api"},"extension":{},"message":"\u001b[90m> \u001b[39m     'access-control-allow-origin': '*',\r"}}
[info] >      'access-control-expose-headers': 'Request-Id, Stripe-Manage-Version, X-Stripe-External-Auth-Required, X-Stripe-Privileged-Session-Required', {"user":"    'access-control-expose-headers': 'Request-Id, Stripe-Manage-Version, X-Stripe-External-Auth-Required, X-Stripe-Privileged-Session-Required',\r","metadata":{"emulator":{"name":"functions"},"function":{"name":"us-central1-api"},"extension":{},"message":"\u001b[90m> \u001b[39m     'access-control-expose-headers': 'Request-Id, Stripe-Manage-Version, X-Stripe-External-Auth-Required, X-Stripe-Privileged-Session-Required',\r"}}
[info] >      'access-control-max-age': '300', {"user":"    'access-control-max-age': '300',\r","metadata":{"emulator":{"name":"functions"},"function":{"name":"us-central1-api"},"extension":{},"message":"\u001b[90m> \u001b[39m     'access-control-max-age': '300',\r"}}
[info] >      'cache-control': 'no-cache, no-store', {"user":"    'cache-control': 'no-cache, no-store',\r","metadata":{"emulator":{"name":"functions"},"function":{"name":"us-central1-api"},"extension":{},"message":"\u001b[90m> \u001b[39m     'cache-control': 'no-cache, no-store',\r"}}
[info] >      'idempotency-key': 'f7bacc15-cd8b-4ac6-9075-a89c881aa52c', {"user":"    'idempotency-key': 'f7bacc15-cd8b-4ac6-9075-a89c881aa52c',\r","metadata":{"emulator":{"name":"functions"},"function":{"name":"us-central1-api"},"extension":{},"message":"\u001b[90m> \u001b[39m     'idempotency-key': 'f7bacc15-cd8b-4ac6-9075-a89c881aa52c',\r"}}
[info] >      'original-request': 'req_fyYhPqA1a1jdvz', {"user":"    'original-request': 'req_fyYhPqA1a1jdvz',\r","metadata":{"emulator":{"name":"functions"},"function":{"name":"us-central1-api"},"extension":{},"message":"\u001b[90m> \u001b[39m     'original-request': 'req_fyYhPqA1a1jdvz',\r"}}
[info] >      'request-id': 'req_fyYhPqA1a1jdvz', {"user":"    'request-id': 'req_fyYhPqA1a1jdvz',\r","metadata":{"emulator":{"name":"functions"},"function":{"name":"us-central1-api"},"extension":{},"message":"\u001b[90m> \u001b[39m     'request-id': 'req_fyYhPqA1a1jdvz',\r"}}
[info] >      'stripe-version': '2020-08-27', {"user":"    'stripe-version': '2020-08-27',\r","metadata":{"emulator":{"name":"functions"},"function":{"name":"us-central1-api"},"extension":{},"message":"\u001b[90m> \u001b[39m     'stripe-version': '2020-08-27',\r"}}
[info] >      'strict-transport-security': 'max-age=31556926; includeSubDomains; preload' {"user":"    'strict-transport-security': 'max-age=31556926; includeSubDomains; preload'\r","metadata":{"emulator":{"name":"functions"},"function":{"name":"us-central1-api"},"extension":{},"message":"\u001b[90m> \u001b[39m     'strict-transport-security': 'max-age=31556926; includeSubDomains; preload'\r"}}
[info] >    }, {"user":"  },\r","metadata":{"emulator":{"name":"functions"},"function":{"name":"us-central1-api"},"extension":{},"message":"\u001b[90m> \u001b[39m   },\r"}}
[info] >    requestId: 'req_fyYhPqA1a1jdvz', {"user":"  requestId: 'req_fyYhPqA1a1jdvz',\r","metadata":{"emulator":{"name":"functions"},"function":{"name":"us-central1-api"},"extension":{},"message":"\u001b[90m> \u001b[39m   requestId: 'req_fyYhPqA1a1jdvz',\r"}}
[info] >    statusCode: 400, {"user":"  statusCode: 400,\r","metadata":{"emulator":{"name":"functions"},"function":{"name":"us-central1-api"},"extension":{},"message":"\u001b[90m> \u001b[39m   statusCode: 400,\r"}}
[info] >    charge: undefined, {"user":"  charge: undefined,\r","metadata":{"emulator":{"name":"functions"},"function":{"name":"us-central1-api"},"extension":{},"message":"\u001b[90m> \u001b[39m   charge: undefined,\r"}}
[info] >    decline_code: undefined, {"user":"  decline_code: undefined,\r","metadata":{"emulator":{"name":"functions"},"function":{"name":"us-central1-api"},"extension":{},"message":"\u001b[90m> \u001b[39m   decline_code: undefined,\r"}}
[info] >    payment_intent: undefined, {"user":"  payment_intent: undefined,\r","metadata":{"emulator":{"name":"functions"},"function":{"name":"us-central1-api"},"extension":{},"message":"\u001b[90m> \u001b[39m   payment_intent: undefined,\r"}}
[info] >    payment_method: undefined, {"user":"  payment_method: undefined,\r","metadata":{"emulator":{"name":"functions"},"function":{"name":"us-central1-api"},"extension":{},"message":"\u001b[90m> \u001b[39m   payment_method: undefined,\r"}}
[info] >    payment_method_type: undefined, {"user":"  payment_method_type: undefined,\r","metadata":{"emulator":{"name":"functions"},"function":{"name":"us-central1-api"},"extension":{},"message":"\u001b[90m> \u001b[39m   payment_method_type: undefined,\r"}}
[info] >    setup_intent: undefined, {"user":"  setup_intent: undefined,\r","metadata":{"emulator":{"name":"functions"},"function":{"name":"us-central1-api"},"extension":{},"message":"\u001b[90m> \u001b[39m   setup_intent: undefined,\r"}}
[info] >    source: undefined {"user":"  source: undefined\r","metadata":{"emulator":{"name":"functions"},"function":{"name":"us-central1-api"},"extension":{},"message":"\u001b[90m> \u001b[39m   source: undefined\r"}}
[info] >  } {"user":"}\r","metadata":{"emulator":{"name":"functions"},"function":{"name":"us-central1-api"},"extension":{},"message":"\u001b[90m> \u001b[39m }\r"}}
[debug] [2022-06-08T12:46:52.607Z] [worker-us-central1-api-c2dfddd3-10eb-482a-ac53-509492dd80e4]: exited {"metadata":{"emulator":{"name":"functions"},"message":"[worker-us-central1-api-c2dfddd3-10eb-482a-ac53-509492dd80e4]: exited"}}
[debug] [2022-06-08T12:46:52.607Z] [worker-us-central1-api-c2dfddd3-10eb-482a-ac53-509492dd80e4]: FINISHED {"metadata":{"emulator":{"name":"functions"},"message":"[worker-us-central1-api-c2dfddd3-10eb-482a-ac53-509492dd80e4]: FINISHED"}}
[debug] [2022-06-08T12:46:52.608Z] [work-queue] {"queueLength":0,"workRunningCount":0}
